<?xml version="1.0" encoding="UTF-8"?>
<!-- Generated by org.testng.reporters.JUnitXMLReporter -->
<testsuite ignored="0" hostname="DESKTOP-309KD3R" failures="0" tests="7" name="Default test" time="276.543" errors="0" timestamp="2026-03-06T14:55:45 IST">
  <testcase classname="com.testing.AddToCartTesting" name="VerifingProductList" time="8.104"/>
  <testcase classname="com.testing.AddToCartTesting" name="VerifyAddToCartButtonFromSearchBox" time="2.725"/>
  <testcase classname="com.testing.AddToCartTesting" name="VerifyAddToCartButtonFromSearchBox" time="2.965"/>
  <testcase classname="com.testing.AddToCartTesting" name="VerifyAddToCartButtonFromSearchBox" time="4.377"/>
  <testcase classname="com.testing.AddToCartTesting" name="VerifyAddToCartButtonFromSearchBox" time="7.173"/>
  <testcase classname="com.testing.AddToCartTesting" name="verifyAddToCartProducts" time="18.276"/>
  <testcase classname="com.testing.AddToCartTesting" name="verifySelectedCategory" time="6.046"/>
</testsuite> <!-- Default test -->
