<?xml version="1.0" encoding="UTF-8"?>
<testng-results ignored="0" total="7" passed="7" failed="0" skipped="0">
  <reporter-output>
  </reporter-output>
  <suite started-at="2026-03-06T14:51:08 IST" name="Default suite" finished-at="2026-03-06T14:55:45 IST" duration-ms="276543">
    <groups>
    </groups>
    <test started-at="2026-03-06T14:51:08 IST" name="Default test" finished-at="2026-03-06T14:55:45 IST" duration-ms="276543">
      <class name="com.testing.AddToCartTesting">
        <test-method is-config="true" signature="setup()[pri:0, instance:com.testing.AddToCartTesting@22555ebf]" started-at="2026-03-06T14:51:08 IST" name="setup" finished-at="2026-03-06T14:51:14 IST" duration-ms="5908" status="PASS">
          <reporter-output>
          </reporter-output>
        </test-method> <!-- setup -->
        <test-method is-config="true" signature="pageSetup()[pri:0, instance:com.testing.AddToCartTesting@22555ebf]" started-at="2026-03-06T14:51:14 IST" name="pageSetup" finished-at="2026-03-06T14:51:19 IST" duration-ms="5099" status="PASS">
          <reporter-output>
          </reporter-output>
        </test-method> <!-- pageSetup -->
        <test-method signature="VerifingProductList()[pri:0, instance:com.testing.AddToCartTesting@22555ebf]" started-at="2026-03-06T14:51:19 IST" name="VerifingProductList" finished-at="2026-03-06T14:51:27 IST" duration-ms="8104" status="PASS">
          <reporter-output>
          </reporter-output>
        </test-method> <!-- VerifingProductList -->
        <test-method is-config="true" signature="tearDown()[pri:0, instance:com.testing.AddToCartTesting@22555ebf]" started-at="2026-03-06T14:51:27 IST" name="tearDown" finished-at="2026-03-06T14:51:29 IST" duration-ms="1731" status="PASS">
          <reporter-output>
          </reporter-output>
        </test-method> <!-- tearDown -->
        <test-method is-config="true" signature="setup()[pri:0, instance:com.testing.AddToCartTesting@22555ebf]" started-at="2026-03-06T14:51:29 IST" name="setup" finished-at="2026-03-06T14:51:44 IST" duration-ms="15262" status="PASS">
          <reporter-output>
          </reporter-output>
        </test-method> <!-- setup -->
        <test-method is-config="true" signature="pageSetup()[pri:0, instance:com.testing.AddToCartTesting@22555ebf]" started-at="2026-03-06T14:51:44 IST" name="pageSetup" finished-at="2026-03-06T14:51:51 IST" duration-ms="7033" status="PASS">
          <reporter-output>
          </reporter-output>
        </test-method> <!-- pageSetup -->
        <test-method signature="VerifyAddToCartButtonFromSearchBox(java.lang.String)[pri:0, instance:com.testing.AddToCartTesting@22555ebf]" started-at="2026-03-06T14:51:51 IST" name="VerifyAddToCartButtonFromSearchBox" data-provider="SearchData" finished-at="2026-03-06T14:51:54 IST" duration-ms="2725" status="PASS">
          <params>
            <param index="0">
              <value>
                <![CDATA[internet]]>
              </value>
            </param>
          </params>
          <reporter-output>
          </reporter-output>
        </test-method> <!-- VerifyAddToCartButtonFromSearchBox -->
        <test-method is-config="true" signature="tearDown()[pri:0, instance:com.testing.AddToCartTesting@22555ebf]" started-at="2026-03-06T14:51:54 IST" name="tearDown" finished-at="2026-03-06T14:51:55 IST" duration-ms="1174" status="PASS">
          <reporter-output>
          </reporter-output>
        </test-method> <!-- tearDown -->
        <test-method is-config="true" signature="setup()[pri:0, instance:com.testing.AddToCartTesting@22555ebf]" started-at="2026-03-06T14:51:55 IST" name="setup" finished-at="2026-03-06T14:52:01 IST" duration-ms="5875" status="PASS">
          <reporter-output>
          </reporter-output>
        </test-method> <!-- setup -->
        <test-method is-config="true" signature="pageSetup()[pri:0, instance:com.testing.AddToCartTesting@22555ebf]" started-at="2026-03-06T14:52:01 IST" name="pageSetup" finished-at="2026-03-06T14:52:07 IST" duration-ms="6318" status="PASS">
          <reporter-output>
          </reporter-output>
        </test-method> <!-- pageSetup -->
        <test-method signature="VerifyAddToCartButtonFromSearchBox(java.lang.String)[pri:0, instance:com.testing.AddToCartTesting@22555ebf]" started-at="2026-03-06T14:52:07 IST" name="VerifyAddToCartButtonFromSearchBox" data-provider="SearchData" finished-at="2026-03-06T14:52:10 IST" duration-ms="2965" status="PASS">
          <params>
            <param index="0">
              <value>
                <![CDATA[english]]>
              </value>
            </param>
          </params>
          <reporter-output>
          </reporter-output>
        </test-method> <!-- VerifyAddToCartButtonFromSearchBox -->
        <test-method is-config="true" signature="tearDown()[pri:0, instance:com.testing.AddToCartTesting@22555ebf]" started-at="2026-03-06T14:52:10 IST" name="tearDown" finished-at="2026-03-06T14:52:20 IST" duration-ms="9749" status="PASS">
          <reporter-output>
          </reporter-output>
        </test-method> <!-- tearDown -->
        <test-method is-config="true" signature="setup()[pri:0, instance:com.testing.AddToCartTesting@22555ebf]" started-at="2026-03-06T14:52:20 IST" name="setup" finished-at="2026-03-06T14:52:27 IST" duration-ms="7029" status="PASS">
          <reporter-output>
          </reporter-output>
        </test-method> <!-- setup -->
        <test-method is-config="true" signature="pageSetup()[pri:0, instance:com.testing.AddToCartTesting@22555ebf]" started-at="2026-03-06T14:52:27 IST" name="pageSetup" finished-at="2026-03-06T14:52:35 IST" duration-ms="7600" status="PASS">
          <reporter-output>
          </reporter-output>
        </test-method> <!-- pageSetup -->
        <test-method signature="VerifyAddToCartButtonFromSearchBox(java.lang.String)[pri:0, instance:com.testing.AddToCartTesting@22555ebf]" started-at="2026-03-06T14:52:35 IST" name="VerifyAddToCartButtonFromSearchBox" data-provider="SearchData" finished-at="2026-03-06T14:52:39 IST" duration-ms="4377" status="PASS">
          <params>
            <param index="0">
              <value>
                <![CDATA[health]]>
              </value>
            </param>
          </params>
          <reporter-output>
          </reporter-output>
        </test-method> <!-- VerifyAddToCartButtonFromSearchBox -->
        <test-method is-config="true" signature="tearDown()[pri:0, instance:com.testing.AddToCartTesting@22555ebf]" started-at="2026-03-06T14:52:39 IST" name="tearDown" finished-at="2026-03-06T14:52:43 IST" duration-ms="3777" status="PASS">
          <reporter-output>
          </reporter-output>
        </test-method> <!-- tearDown -->
        <test-method is-config="true" signature="setup()[pri:0, instance:com.testing.AddToCartTesting@22555ebf]" started-at="2026-03-06T14:52:43 IST" name="setup" finished-at="2026-03-06T14:52:52 IST" duration-ms="8668" status="PASS">
          <reporter-output>
          </reporter-output>
        </test-method> <!-- setup -->
        <test-method is-config="true" signature="pageSetup()[pri:0, instance:com.testing.AddToCartTesting@22555ebf]" started-at="2026-03-06T14:52:52 IST" name="pageSetup" finished-at="2026-03-06T14:53:04 IST" duration-ms="11875" status="PASS">
          <reporter-output>
          </reporter-output>
        </test-method> <!-- pageSetup -->
        <test-method signature="VerifyAddToCartButtonFromSearchBox(java.lang.String)[pri:0, instance:com.testing.AddToCartTesting@22555ebf]" started-at="2026-03-06T14:53:04 IST" name="VerifyAddToCartButtonFromSearchBox" data-provider="SearchData" finished-at="2026-03-06T14:53:11 IST" duration-ms="7173" status="PASS">
          <params>
            <param index="0">
              <value>
                <![CDATA[maths]]>
              </value>
            </param>
          </params>
          <reporter-output>
          </reporter-output>
        </test-method> <!-- VerifyAddToCartButtonFromSearchBox -->
        <test-method is-config="true" signature="tearDown()[pri:0, instance:com.testing.AddToCartTesting@22555ebf]" started-at="2026-03-06T14:53:11 IST" name="tearDown" finished-at="2026-03-06T14:53:34 IST" duration-ms="22986" status="PASS">
          <reporter-output>
          </reporter-output>
        </test-method> <!-- tearDown -->
        <test-method is-config="true" signature="setup()[pri:0, instance:com.testing.AddToCartTesting@22555ebf]" started-at="2026-03-06T14:53:34 IST" name="setup" finished-at="2026-03-06T14:53:43 IST" duration-ms="9119" status="PASS">
          <reporter-output>
          </reporter-output>
        </test-method> <!-- setup -->
        <test-method is-config="true" signature="pageSetup()[pri:0, instance:com.testing.AddToCartTesting@22555ebf]" started-at="2026-03-06T14:53:43 IST" name="pageSetup" finished-at="2026-03-06T14:53:51 IST" duration-ms="7913" status="PASS">
          <reporter-output>
          </reporter-output>
        </test-method> <!-- pageSetup -->
        <test-method signature="verifyAddToCartProducts()[pri:0, instance:com.testing.AddToCartTesting@22555ebf]" started-at="2026-03-06T14:53:51 IST" name="verifyAddToCartProducts" finished-at="2026-03-06T14:54:09 IST" duration-ms="18276" status="PASS">
          <reporter-output>
          </reporter-output>
        </test-method> <!-- verifyAddToCartProducts -->
        <test-method is-config="true" signature="tearDown()[pri:0, instance:com.testing.AddToCartTesting@22555ebf]" started-at="2026-03-06T14:54:09 IST" name="tearDown" finished-at="2026-03-06T14:54:41 IST" duration-ms="31704" status="PASS">
          <reporter-output>
          </reporter-output>
        </test-method> <!-- tearDown -->
        <test-method is-config="true" signature="setup()[pri:0, instance:com.testing.AddToCartTesting@22555ebf]" started-at="2026-03-06T14:54:41 IST" name="setup" finished-at="2026-03-06T14:54:50 IST" duration-ms="8646" status="PASS">
          <reporter-output>
          </reporter-output>
        </test-method> <!-- setup -->
        <test-method is-config="true" signature="pageSetup()[pri:0, instance:com.testing.AddToCartTesting@22555ebf]" started-at="2026-03-06T14:54:50 IST" name="pageSetup" finished-at="2026-03-06T14:55:06 IST" duration-ms="16727" status="PASS">
          <reporter-output>
          </reporter-output>
        </test-method> <!-- pageSetup -->
        <test-method signature="verifySelectedCategory()[pri:0, instance:com.testing.AddToCartTesting@22555ebf]" started-at="2026-03-06T14:55:06 IST" name="verifySelectedCategory" finished-at="2026-03-06T14:55:12 IST" duration-ms="6046" status="PASS">
          <reporter-output>
          </reporter-output>
        </test-method> <!-- verifySelectedCategory -->
        <test-method is-config="true" signature="tearDown()[pri:0, instance:com.testing.AddToCartTesting@22555ebf]" started-at="2026-03-06T14:55:12 IST" name="tearDown" finished-at="2026-03-06T14:55:44 IST" duration-ms="31830" status="PASS">
          <reporter-output>
          </reporter-output>
        </test-method> <!-- tearDown -->
      </class> <!-- com.testing.AddToCartTesting -->
    </test> <!-- Default test -->
  </suite> <!-- Default suite -->
</testng-results>
