<?xml version="1.0" encoding="UTF-8"?>
<!-- Generated by org.testng.reporters.JUnitReportReporter -->
<testsuite hostname="DESKTOP-309KD3R" failures="0" tests="7" name="com.testing.AddToCartTesting" time="275.689" errors="0" timestamp="2026-03-06T14:55:50 IST" skipped="0">
  <testcase classname="com.testing.AddToCartTesting" name="VerifingProductList" time="24.264"/>
  <testcase classname="com.testing.AddToCartTesting" name="VerifyAddToCartButtonFromSearchBox" time="41.425"/>
  <testcase classname="com.testing.AddToCartTesting" name="VerifyAddToCartButtonFromSearchBox" time="55.316"/>
  <testcase classname="com.testing.AddToCartTesting" name="VerifyAddToCartButtonFromSearchBox" time="24.738"/>
  <testcase classname="com.testing.AddToCartTesting" name="VerifyAddToCartButtonFromSearchBox" time="44.463"/>
  <testcase classname="com.testing.AddToCartTesting" name="verifyAddToCartProducts" time="60.987"/>
  <testcase classname="com.testing.AddToCartTesting" name="verifySelectedCategory" time="24.496"/>
</testsuite> <!-- com.testing.AddToCartTesting -->
