<?xml version="1.0" encoding="UTF-8"?>
<!-- Generated by org.testng.reporters.JUnitReportReporter -->
<testsuite hostname="DESKTOP-309KD3R" failures="0" tests="7" name="com.testing.LoginTesting" time="81.500" errors="0" timestamp="2026-02-24T14:18:48 IST" skipped="0">
  <testcase classname="com.testing.LoginTesting" name="InvalidLogin" time="9.232"/>
  <testcase classname="com.testing.LoginTesting" name="InvalidMail_id" time="8.030"/>
  <testcase classname="com.testing.LoginTesting" name="InvalidMail_id" time="13.460"/>
  <testcase classname="com.testing.LoginTesting" name="Successlogin" time="19.927"/>
  <testcase classname="com.testing.LoginTesting" name="InvalidLogin" time="7.942"/>
  <testcase classname="com.testing.LoginTesting" name="InvalidMail_id" time="15.483"/>
  <testcase classname="com.testing.LoginTesting" name="InvalidLogin" time="7.426"/>
</testsuite> <!-- com.testing.LoginTesting -->
